This file contains any messages produced by compilers while
running configure, to aid debugging if configure makes a mistake.

It was created by configure, which was
generated by GNU Autoconf 2.72.  Invocation command line was

  $ ./configure

## --------- ##
## Platform. ##
## --------- ##

hostname = mojo.hepazulian.net
uname -m = x86_64
uname -r = 6.18.2
uname -s = Linux
uname -v = #2 SMP PREEMPT_DYNAMIC Tue Dec 30 13:05:16 -00 2025

/usr/bin/uname -p = unknown
/bin/uname -X     = unknown

/bin/arch              = unknown
/usr/bin/arch -k       = unknown
/usr/convex/getsysinfo = unknown
/usr/bin/hostinfo      = unknown
/bin/machine           = unknown
/usr/bin/oslevel       = unknown
/bin/universe          = unknown

PATH: /home/ralexand/.wasmtime/bin/
PATH: /home/ralexand/bin/
PATH: /usr/local/sbin/
PATH: /usr/local/bin/
PATH: /usr/bin/
PATH: /usr/sbin/
PATH: /opt/arm-gnu-toolchain/bin/
PATH: /opt/ant/bin/
PATH: /opt/fop/fop/
PATH: /opt/go/bin/
PATH: /opt/graphviz/bin/
PATH: /opt/inkscape/bin/
PATH: /opt/jdk-9/bin/
PATH: /opt/maven/bin/
PATH: /opt/p4/bin/
PATH: /opt/postgresql-17/bin/
PATH: /opt/riscv/bin/
PATH: /opt/schily/bin/
PATH: /opt/texlive2025/bin/
PATH: /opt/vulkan/1.3.290.0/x86_64/bin/
PATH: /opt/xml/bin/
PATH: /usr/share/perl6/site/bin/
PATH: /usr/local/cuda-11.6/bin/


## ----------- ##
## Core tests. ##
## ----------- ##

configure:2555: checking for gcc
configure:2576: found /usr/bin/gcc
configure:2588: result: gcc
configure:2947: checking for C compiler version
configure:2956: gcc --version >&5
gcc (GCC) 15.2.0
Copyright (C) 2025 Free Software Foundation, Inc.
This is free software; see the source for copying conditions.  There is NO
warranty; not even for MERCHANTABILITY or FITNESS FOR A PARTICULAR PURPOSE.

configure:2967: $? = 0
configure:2956: gcc -v >&5
Using built-in specs.
COLLECT_GCC=gcc
COLLECT_LTO_WRAPPER=/usr/libexec/gcc/x86_64-linux/15.2.0/lto-wrapper
Target: x86_64-linux
Configured with: ../configure --prefix=/usr --build=x86_64-linux --disable-multilib build_alias=x86_64-linux --enable-languages=c,c++,lto
Thread model: posix
Supported LTO compression algorithms: zlib zstd
gcc version 15.2.0 (GCC) 
configure:2967: $? = 0
configure:2956: gcc -V >&5
gcc: error: unrecognized command-line option '-V'
gcc: fatal error: no input files
compilation terminated.
configure:2967: $? = 1
configure:2956: gcc -qversion >&5
gcc: error: unrecognized command-line option '-qversion'; did you mean '--version'?
gcc: fatal error: no input files
compilation terminated.
configure:2967: $? = 1
configure:2956: gcc -version >&5
gcc: error: unrecognized command-line option '-version'
gcc: fatal error: no input files
compilation terminated.
configure:2967: $? = 1
configure:2987: checking whether the C compiler works
configure:3009: gcc    conftest.c  >&5
configure:3013: $? = 0
configure:3064: result: yes
configure:3068: checking for C compiler default output file name
configure:3070: result: a.out
configure:3076: checking for suffix of executables
configure:3083: gcc -o conftest    conftest.c  >&5
configure:3087: $? = 0
configure:3111: result: 
configure:3135: checking whether we are cross compiling
configure:3143: gcc -o conftest    conftest.c  >&5
configure:3147: $? = 0
configure:3154: ./conftest
configure:3158: $? = 0
configure:3173: result: no
configure:3179: checking for suffix of object files
configure:3202: gcc -c   conftest.c >&5
configure:3206: $? = 0
configure:3230: result: o
configure:3234: checking whether the compiler supports GNU C
configure:3254: gcc -c   conftest.c >&5
configure:3254: $? = 0
configure:3266: result: yes
configure:3277: checking whether gcc accepts -g
configure:3298: gcc -c -g  conftest.c >&5
configure:3298: $? = 0
configure:3345: result: yes
configure:3365: checking for gcc option to enable C11 features
configure:3380: gcc  -c -g -O2  conftest.c >&5
configure:3380: $? = 0
configure:3399: result: none needed
configure:3522: checking for stdio.h
configure:3522: gcc -c -g -O2  conftest.c >&5
configure:3522: $? = 0
configure:3522: result: yes
configure:3522: checking for stdlib.h
configure:3522: gcc -c -g -O2  conftest.c >&5
configure:3522: $? = 0
configure:3522: result: yes
configure:3522: checking for string.h
configure:3522: gcc -c -g -O2  conftest.c >&5
configure:3522: $? = 0
configure:3522: result: yes
configure:3522: checking for inttypes.h
configure:3522: gcc -c -g -O2  conftest.c >&5
configure:3522: $? = 0
configure:3522: result: yes
configure:3522: checking for stdint.h
configure:3522: gcc -c -g -O2  conftest.c >&5
configure:3522: $? = 0
configure:3522: result: yes
configure:3522: checking for strings.h
configure:3522: gcc -c -g -O2  conftest.c >&5
configure:3522: $? = 0
configure:3522: result: yes
configure:3522: checking for sys/stat.h
configure:3522: gcc -c -g -O2  conftest.c >&5
configure:3522: $? = 0
configure:3522: result: yes
configure:3522: checking for sys/types.h
configure:3522: gcc -c -g -O2  conftest.c >&5
configure:3522: $? = 0
configure:3522: result: yes
configure:3522: checking for unistd.h
configure:3522: gcc -c -g -O2  conftest.c >&5
configure:3522: $? = 0
configure:3522: result: yes
configure:3617: checking for g++
configure:3638: found /usr/bin/g++
configure:3650: result: g++
configure:3677: checking for C++ compiler version
configure:3686: g++ --version >&5
g++ (GCC) 15.2.0
Copyright (C) 2025 Free Software Foundation, Inc.
This is free software; see the source for copying conditions.  There is NO
warranty; not even for MERCHANTABILITY or FITNESS FOR A PARTICULAR PURPOSE.

configure:3697: $? = 0
configure:3686: g++ -v >&5
Using built-in specs.
COLLECT_GCC=g++
COLLECT_LTO_WRAPPER=/usr/libexec/gcc/x86_64-linux/15.2.0/lto-wrapper
Target: x86_64-linux
Configured with: ../configure --prefix=/usr --build=x86_64-linux --disable-multilib build_alias=x86_64-linux --enable-languages=c,c++,lto
Thread model: posix
Supported LTO compression algorithms: zlib zstd
gcc version 15.2.0 (GCC) 
configure:3697: $? = 0
configure:3686: g++ -V >&5
g++: error: unrecognized command-line option '-V'
g++: fatal error: no input files
compilation terminated.
configure:3697: $? = 1
configure:3686: g++ -qversion >&5
g++: error: unrecognized command-line option '-qversion'; did you mean '--version'?
g++: fatal error: no input files
compilation terminated.
configure:3697: $? = 1
configure:3701: checking whether the compiler supports GNU C++
configure:3721: g++ -c   conftest.cpp >&5
configure:3721: $? = 0
configure:3733: result: yes
configure:3744: checking whether g++ accepts -g
configure:3765: g++ -c -g  conftest.cpp >&5
configure:3765: $? = 0
configure:3812: result: yes
configure:3832: checking for g++ option to enable C++11 features
configure:3847: g++  -c -g -O2  conftest.cpp >&5
conftest.cpp: In function 'int main(int, char**)':
conftest.cpp:185:25: warning: empty parentheses were disambiguated as a function declaration [-Wvexing-parse]
  185 |   cxx11test::delegate d2();
      |                         ^~
conftest.cpp:185:25: note: remove parentheses to default-initialize a variable
  185 |   cxx11test::delegate d2();
      |                         ^~
      |                         --
conftest.cpp:185:25: note: or replace parentheses with braces to value-initialize a variable
configure:3847: $? = 0
configure:3866: result: none needed
configure:3935: checking for unistd.h
configure:3935: result: yes
configure:3941: checking for getopt.h
configure:3941: gcc -c -g -O2  conftest.c >&5
configure:3941: $? = 0
configure:3941: result: yes
configure:3947: checking for errno.h
configure:3947: gcc -c -g -O2  conftest.c >&5
configure:3947: $? = 0
configure:3947: result: yes
configure:3953: checking for stdlib.h
configure:3953: result: yes
configure:3959: checking for malloc.h
configure:3959: gcc -c -g -O2  conftest.c >&5
configure:3959: $? = 0
configure:3959: result: yes
configure:3965: checking for string.h
configure:3965: result: yes
configure:4033: checking for pkg-config
configure:4056: found /usr/bin/pkg-config
configure:4069: result: /usr/bin/pkg-config
configure:4094: checking pkg-config is at least version 0.9.0
configure:4097: result: yes
configure:4107: checking for GLIB
configure:4114: $PKG_CONFIG --exists --print-errors "glib-2.0 >= 2.72.0"
configure:4117: $? = 0
configure:4131: $PKG_CONFIG --exists --print-errors "glib-2.0 >= 2.72.0"
configure:4134: $? = 0
configure:4192: result: yes
configure:4198: checking for XMLPP
configure:4205: $PKG_CONFIG --exists --print-errors "libxml-2.0 >= 2.9.0"
configure:4208: $? = 0
configure:4222: $PKG_CONFIG --exists --print-errors "libxml-2.0 >= 2.9.0"
configure:4225: $? = 0
configure:4283: result: yes
configure:4289: checking for CAIRO
configure:4296: $PKG_CONFIG --exists --print-errors "cairo >= 1.17.4"
configure:4299: $? = 0
configure:4313: $PKG_CONFIG --exists --print-errors "cairo >= 1.17.4"
configure:4316: $? = 0
configure:4374: result: yes
configure:4380: checking for CAIROMM
configure:4387: $PKG_CONFIG --exists --print-errors "cairomm-svg-1.16 >= 1.0.0"
configure:4390: $? = 0
configure:4404: $PKG_CONFIG --exists --print-errors "cairomm-svg-1.16 >= 1.0.0"
configure:4407: $? = 0
configure:4465: result: yes
configure:4471: checking for RSVG
configure:4478: $PKG_CONFIG --exists --print-errors "librsvg-2.0 >= 2.32.0"
configure:4481: $? = 0
configure:4495: $PKG_CONFIG --exists --print-errors "librsvg-2.0 >= 2.32.0"
configure:4498: $? = 0
configure:4556: result: yes
configure:4562: checking for JSON
configure:4569: $PKG_CONFIG --exists --print-errors "json-c >= 0.11"
configure:4572: $? = 0
configure:4586: $PKG_CONFIG --exists --print-errors "json-c >= 0.11"
configure:4589: $? = 0
configure:4647: result: yes
configure:4811: creating ./config.status

## ---------------------- ##
## Running config.status. ##
## ---------------------- ##

This file was extended by config.status, which was
generated by GNU Autoconf 2.72.  Invocation command line was

  CONFIG_FILES    = 
  CONFIG_HEADERS  = 
  CONFIG_LINKS    = 
  CONFIG_COMMANDS = 
  $ ./config.status 

on mojo.hepazulian.net

config.status:741: creating Makefile
config.status:741: creating Makefile.rules

## ---------------- ##
## Cache variables. ##
## ---------------- ##

ac_cv_c_compiler_gnu=yes
ac_cv_cxx_compiler_gnu=yes
ac_cv_env_CAIROMM_CFLAGS_set=
ac_cv_env_CAIROMM_CFLAGS_value=
ac_cv_env_CAIROMM_LIBS_set=
ac_cv_env_CAIROMM_LIBS_value=
ac_cv_env_CAIRO_CFLAGS_set=
ac_cv_env_CAIRO_CFLAGS_value=
ac_cv_env_CAIRO_LIBS_set=
ac_cv_env_CAIRO_LIBS_value=
ac_cv_env_CCC_set=
ac_cv_env_CCC_value=
ac_cv_env_CC_set=
ac_cv_env_CC_value=
ac_cv_env_CFLAGS_set=
ac_cv_env_CFLAGS_value=
ac_cv_env_CPPFLAGS_set=
ac_cv_env_CPPFLAGS_value=
ac_cv_env_CXXFLAGS_set=
ac_cv_env_CXXFLAGS_value=
ac_cv_env_CXX_set=
ac_cv_env_CXX_value=
ac_cv_env_GLIB_CFLAGS_set=
ac_cv_env_GLIB_CFLAGS_value=
ac_cv_env_GLIB_LIBS_set=
ac_cv_env_GLIB_LIBS_value=
ac_cv_env_JSON_CFLAGS_set=
ac_cv_env_JSON_CFLAGS_value=
ac_cv_env_JSON_LIBS_set=
ac_cv_env_JSON_LIBS_value=
ac_cv_env_LDFLAGS_set=
ac_cv_env_LDFLAGS_value=
ac_cv_env_LIBS_set=
ac_cv_env_LIBS_value=
ac_cv_env_PKG_CONFIG_LIBDIR_set=
ac_cv_env_PKG_CONFIG_LIBDIR_value=
ac_cv_env_PKG_CONFIG_PATH_set=set
ac_cv_env_PKG_CONFIG_PATH_value=/opt/gimp/lib/pkgconfig:/opt/inkscape/lib64/pkgconfig:/opt/postgresql/lib/pkgconfig:/opt/vulkan/1.4.335.0/x86_64//lib/pkgconfig:/usr/lib64/pkgconfig:/usr/lib/pkgconfig:/usr/share/pkgconfig:/usr/local/lib/pkgconfig
ac_cv_env_PKG_CONFIG_set=
ac_cv_env_PKG_CONFIG_value=
ac_cv_env_RSVG_CFLAGS_set=
ac_cv_env_RSVG_CFLAGS_value=
ac_cv_env_RSVG_LIBS_set=
ac_cv_env_RSVG_LIBS_value=
ac_cv_env_XMLPP_CFLAGS_set=
ac_cv_env_XMLPP_CFLAGS_value=
ac_cv_env_XMLPP_LIBS_set=
ac_cv_env_XMLPP_LIBS_value=
ac_cv_env_build_alias_set=
ac_cv_env_build_alias_value=
ac_cv_env_host_alias_set=
ac_cv_env_host_alias_value=
ac_cv_env_target_alias_set=
ac_cv_env_target_alias_value=
ac_cv_header_errno_h=yes
ac_cv_header_getopt_h=yes
ac_cv_header_inttypes_h=yes
ac_cv_header_malloc_h=yes
ac_cv_header_stdint_h=yes
ac_cv_header_stdio_h=yes
ac_cv_header_stdlib_h=yes
ac_cv_header_string_h=yes
ac_cv_header_strings_h=yes
ac_cv_header_sys_stat_h=yes
ac_cv_header_sys_types_h=yes
ac_cv_header_unistd_h=yes
ac_cv_objext=o
ac_cv_path_ac_pt_PKG_CONFIG=/usr/bin/pkg-config
ac_cv_prog_ac_ct_CC=gcc
ac_cv_prog_ac_ct_CXX=g++
ac_cv_prog_cc_c11=
ac_cv_prog_cc_g=yes
ac_cv_prog_cc_stdc=
ac_cv_prog_cxx_cxx11=
ac_cv_prog_cxx_g=yes
ac_cv_prog_cxx_stdcxx=
pkg_cv_CAIROMM_CFLAGS='-I/usr/include/cairomm-1.16 -I/usr/lib64/cairomm-1.16/include -I/usr/include/sigc++-3.0 -I/usr/lib64/sigc++-3.0/include -I/usr/include/cairo -I/usr/include/freetype2 -I/usr/include/pixman-1 -I/usr/include/libpng16'
pkg_cv_CAIROMM_LIBS='-lcairomm-1.16 -lsigc-3.0 -lcairo -lpng16'
pkg_cv_CAIRO_CFLAGS='-I/usr/include/cairo -I/usr/include/freetype2 -I/usr/include/libpng16 -I/usr/include/pixman-1'
pkg_cv_CAIRO_LIBS=-lcairo
pkg_cv_GLIB_CFLAGS='-pthread -I/usr/include/glib-2.0 -I/usr/lib64/glib-2.0/include -I/usr/include/sysprof-6'
pkg_cv_GLIB_LIBS=-lglib-2.0
pkg_cv_JSON_CFLAGS=-I/usr/include/json-c
pkg_cv_JSON_LIBS=-ljson-c
pkg_cv_RSVG_CFLAGS='-pthread -I/usr/include/librsvg-2.0 -I/usr/include/cairo -I/usr/include/libxml2 -I/usr/include/pango-1.0 -I/usr/include/harfbuzz -I/usr/include/pango-1.0 -I/usr/include/fribidi -I/usr/include/harfbuzz -I/usr/include/gdk-pixbuf-2.0 -I/usr/include/webp -I/usr/include/libmount -I/usr/include/blkid -I/usr/include/glib-2.0 -I/usr/lib64/glib-2.0/include -I/usr/include/sysprof-6 -I/usr/include/cairo -I/usr/include/freetype2 -I/usr/include/libpng16 -I/usr/include/pixman-1'
pkg_cv_RSVG_LIBS='-lrsvg-2 -lgio-2.0 -lgdk_pixbuf-2.0 -lgobject-2.0 -lglib-2.0 -lcairo'
pkg_cv_XMLPP_CFLAGS=-I/usr/include/libxml2
pkg_cv_XMLPP_LIBS=-lxml2

## ----------------- ##
## Output variables. ##
## ----------------- ##

CAIROMM_CFLAGS='-I/usr/include/cairomm-1.16 -I/usr/lib64/cairomm-1.16/include -I/usr/include/sigc++-3.0 -I/usr/lib64/sigc++-3.0/include -I/usr/include/cairo -I/usr/include/freetype2 -I/usr/include/pixman-1 -I/usr/include/libpng16'
CAIROMM_LIBS='-lcairomm-1.16 -lsigc-3.0 -lcairo -lpng16'
CAIRO_CFLAGS='-I/usr/include/cairo -I/usr/include/freetype2 -I/usr/include/libpng16 -I/usr/include/pixman-1'
CAIRO_LIBS='-lcairo'
CC='gcc'
CFLAGS='-g -O2'
CPPFLAGS=''
CXX='g++'
CXXFLAGS='-g -O2'
DEFS='-DPACKAGE_NAME=\"\" -DPACKAGE_TARNAME=\"\" -DPACKAGE_VERSION=\"\" -DPACKAGE_STRING=\"\" -DPACKAGE_BUGREPORT=\"\" -DPACKAGE_URL=\"\" -DHAVE_STDIO_H=1 -DHAVE_STDLIB_H=1 -DHAVE_STRING_H=1 -DHAVE_INTTYPES_H=1 -DHAVE_STDINT_H=1 -DHAVE_STRINGS_H=1 -DHAVE_SYS_STAT_H=1 -DHAVE_SYS_TYPES_H=1 -DHAVE_UNISTD_H=1 -DSTDC_HEADERS=1 -DHAVE_UNISTD_H=1 -DHAVE_GETOPT_H=1 -DHAVE_ERRNO_H=1 -DHAVE_STDLIB_H=1 -DHAVE_MALLOC_H=1 -DHAVE_STRING_H=1'
ECHO_C=''
ECHO_N='-n'
ECHO_T=''
EXEEXT=''
GLIB_CFLAGS='-pthread -I/usr/include/glib-2.0 -I/usr/lib64/glib-2.0/include -I/usr/include/sysprof-6'
GLIB_LIBS='-lglib-2.0'
JSON_CFLAGS='-I/usr/include/json-c'
JSON_LIBS='-ljson-c'
LDFLAGS=''
LIBOBJS=''
LIBS=''
LTLIBOBJS=''
OBJEXT='o'
PACKAGE_BUGREPORT=''
PACKAGE_NAME=''
PACKAGE_STRING=''
PACKAGE_TARNAME=''
PACKAGE_URL=''
PACKAGE_VERSION=''
PATH_SEPARATOR=':'
PKG_CONFIG='/usr/bin/pkg-config'
PKG_CONFIG_LIBDIR=''
PKG_CONFIG_PATH='/opt/gimp/lib/pkgconfig:/opt/inkscape/lib64/pkgconfig:/opt/postgresql/lib/pkgconfig:/opt/vulkan/1.4.335.0/x86_64//lib/pkgconfig:/usr/lib64/pkgconfig:/usr/lib/pkgconfig:/usr/share/pkgconfig:/usr/local/lib/pkgconfig'
RSVG_CFLAGS='-pthread -I/usr/include/librsvg-2.0 -I/usr/include/cairo -I/usr/include/libxml2 -I/usr/include/pango-1.0 -I/usr/include/harfbuzz -I/usr/include/pango-1.0 -I/usr/include/fribidi -I/usr/include/harfbuzz -I/usr/include/gdk-pixbuf-2.0 -I/usr/include/webp -I/usr/include/libmount -I/usr/include/blkid -I/usr/include/glib-2.0 -I/usr/lib64/glib-2.0/include -I/usr/include/sysprof-6 -I/usr/include/cairo -I/usr/include/freetype2 -I/usr/include/libpng16 -I/usr/include/pixman-1'
RSVG_LIBS='-lrsvg-2 -lgio-2.0 -lgdk_pixbuf-2.0 -lgobject-2.0 -lglib-2.0 -lcairo'
SHELL='/bin/sh'
XMLPP_CFLAGS='-I/usr/include/libxml2'
XMLPP_LIBS='-lxml2'
ac_ct_CC='gcc'
ac_ct_CXX='g++'
bindir='${exec_prefix}/bin'
build_alias=''
datadir='${datarootdir}'
datarootdir='${prefix}/share'
docdir='${datarootdir}/doc/${PACKAGE}'
dvidir='${docdir}'
exec_prefix='${prefix}'
host_alias=''
htmldir='${docdir}'
includedir='${prefix}/include'
infodir='${datarootdir}/info'
libdir='${exec_prefix}/lib'
libexecdir='${exec_prefix}/libexec'
localedir='${datarootdir}/locale'
localstatedir='${prefix}/var'
mandir='${datarootdir}/man'
oldincludedir='/usr/include'
pdfdir='${docdir}'
prefix='/usr/local'
program_transform_name='s,x,x,'
psdir='${docdir}'
runstatedir='${localstatedir}/run'
sbindir='${exec_prefix}/sbin'
sharedstatedir='${prefix}/com'
sysconfdir='${prefix}/etc'
target_alias=''

## ----------- ##
## confdefs.h. ##
## ----------- ##

/* confdefs.h */
#define PACKAGE_NAME ""
#define PACKAGE_TARNAME ""
#define PACKAGE_VERSION ""
#define PACKAGE_STRING ""
#define PACKAGE_BUGREPORT ""
#define PACKAGE_URL ""
#define HAVE_STDIO_H 1
#define HAVE_STDLIB_H 1
#define HAVE_STRING_H 1
#define HAVE_INTTYPES_H 1
#define HAVE_STDINT_H 1
#define HAVE_STRINGS_H 1
#define HAVE_SYS_STAT_H 1
#define HAVE_SYS_TYPES_H 1
#define HAVE_UNISTD_H 1
#define STDC_HEADERS 1
#define HAVE_UNISTD_H 1
#define HAVE_GETOPT_H 1
#define HAVE_ERRNO_H 1
#define HAVE_STDLIB_H 1
#define HAVE_MALLOC_H 1
#define HAVE_STRING_H 1

configure: exit 0

## ---------------------- ##
## Running config.status. ##
## ---------------------- ##

This file was extended by config.status, which was
generated by GNU Autoconf 2.72.  Invocation command line was

  CONFIG_FILES    = 
  CONFIG_HEADERS  = 
  CONFIG_LINKS    = 
  CONFIG_COMMANDS = 
  $ ./config.status 

on mojo.hepazulian.net

config.status:741: creating Makefile
config.status:741: creating Makefile.rules
