This file contains any messages produced by compilers while
running configure, to aid debugging if configure makes a mistake.

It was created by configure, which was
generated by GNU Autoconf 2.69.  Invocation command line was

  $ ./configure 

## --------- ##
## Platform. ##
## --------- ##

hostname = vault.hepazulian.net
uname -m = x86_64
uname -r = 4.9.0
uname -s = Linux
uname -v = #2 SMP PREEMPT Fri Dec 23 15:40:01 GMT 2016

/usr/bin/uname -p = unknown
/bin/uname -X     = unknown

/bin/arch              = x86_64
/usr/bin/arch -k       = x86_64
/usr/convex/getsysinfo = unknown
/usr/bin/hostinfo      = unknown
/bin/machine           = unknown
/usr/bin/oslevel       = unknown
/bin/universe          = unknown

PATH: /locker/build/rakudobrew/bin
PATH: /usr/local/sbin
PATH: /usr/local/bin
PATH: /usr/bin
PATH: /usr/sbin
PATH: /opt/fop
PATH: /opt/gimp/bin
PATH: /opt/graphviz/bin
PATH: /opt/inkscape/bin
PATH: /opt/jdk1.8.0_60/bin
PATH: /opt/mysql5/bin
PATH: /opt/postgresql/bin
PATH: /opt/schily/bin
PATH: /opt/tex/bin
PATH: /usr/share/perl6/site/bin
PATH: /home/ralexand/bin


## ----------- ##
## Core tests. ##
## ----------- ##

configure:2209: checking for gcc
configure:2225: found /usr/bin/gcc
configure:2236: result: gcc
configure:2465: checking for C compiler version
configure:2474: gcc --version >&5
gcc (GCC) 6.3.0
Copyright (C) 2016 Free Software Foundation, Inc.
This is free software; see the source for copying conditions.  There is NO
warranty; not even for MERCHANTABILITY or FITNESS FOR A PARTICULAR PURPOSE.

configure:2485: $? = 0
configure:2474: gcc -v >&5
Using built-in specs.
COLLECT_GCC=gcc
COLLECT_LTO_WRAPPER=/usr/libexec/gcc/x86_64-linux/6.3.0/lto-wrapper
Target: x86_64-linux
Configured with: /locker/build/gcc-6.3.0/configure --prefix=/usr --build=x86_64-linux --enable-targets=all build_alias=x86_64-linux --enable-languages=c,c++,fortran,lto,objc,obj-c++
Thread model: posix
gcc version 6.3.0 (GCC) 
configure:2485: $? = 0
configure:2474: gcc -V >&5
gcc: error: unrecognized command line option '-V'
gcc: fatal error: no input files
compilation terminated.
configure:2485: $? = 1
configure:2474: gcc -qversion >&5
gcc: error: unrecognized command line option '-qversion'; did you mean '--version'?
gcc: fatal error: no input files
compilation terminated.
configure:2485: $? = 1
configure:2505: checking whether the C compiler works
configure:2527: gcc    conftest.c  >&5
configure:2531: $? = 0
configure:2579: result: yes
configure:2582: checking for C compiler default output file name
configure:2584: result: a.out
configure:2590: checking for suffix of executables
configure:2597: gcc -o conftest    conftest.c  >&5
configure:2601: $? = 0
configure:2623: result: 
configure:2645: checking whether we are cross compiling
configure:2653: gcc -o conftest    conftest.c  >&5
configure:2657: $? = 0
configure:2664: ./conftest
configure:2668: $? = 0
configure:2683: result: no
configure:2688: checking for suffix of object files
configure:2710: gcc -c   conftest.c >&5
configure:2714: $? = 0
configure:2735: result: o
configure:2739: checking whether we are using the GNU C compiler
configure:2758: gcc -c   conftest.c >&5
configure:2758: $? = 0
configure:2767: result: yes
configure:2776: checking whether gcc accepts -g
configure:2796: gcc -c -g  conftest.c >&5
configure:2796: $? = 0
configure:2837: result: yes
configure:2854: checking for gcc option to accept ISO C89
configure:2917: gcc  -c -g -O2  conftest.c >&5
configure:2917: $? = 0
configure:2930: result: none needed
configure:2956: checking how to run the C preprocessor
configure:2987: gcc -E  conftest.c
configure:2987: $? = 0
configure:3001: gcc -E  conftest.c
conftest.c:9:28: fatal error: ac_nonexistent.h: No such file or directory
 #include <ac_nonexistent.h>
                            ^
compilation terminated.
configure:3001: $? = 1
configure: failed program was:
| /* confdefs.h */
| #define PACKAGE_NAME ""
| #define PACKAGE_TARNAME ""
| #define PACKAGE_VERSION ""
| #define PACKAGE_STRING ""
| #define PACKAGE_BUGREPORT ""
| #define PACKAGE_URL ""
| /* end confdefs.h.  */
| #include <ac_nonexistent.h>
configure:3026: result: gcc -E
configure:3046: gcc -E  conftest.c
configure:3046: $? = 0
configure:3060: gcc -E  conftest.c
conftest.c:9:28: fatal error: ac_nonexistent.h: No such file or directory
 #include <ac_nonexistent.h>
                            ^
compilation terminated.
configure:3060: $? = 1
configure: failed program was:
| /* confdefs.h */
| #define PACKAGE_NAME ""
| #define PACKAGE_TARNAME ""
| #define PACKAGE_VERSION ""
| #define PACKAGE_STRING ""
| #define PACKAGE_BUGREPORT ""
| #define PACKAGE_URL ""
| /* end confdefs.h.  */
| #include <ac_nonexistent.h>
configure:3089: checking for grep that handles long lines and -e
configure:3147: result: /usr/bin/grep
configure:3152: checking for egrep
configure:3214: result: /usr/bin/grep -E
configure:3219: checking for ANSI C header files
configure:3239: gcc -c -g -O2  conftest.c >&5
configure:3239: $? = 0
configure:3312: gcc -o conftest -g -O2   conftest.c  >&5
configure:3312: $? = 0
configure:3312: ./conftest
configure:3312: $? = 0
configure:3323: result: yes
configure:3331: checking whether time.h and sys/time.h may both be included
configure:3351: gcc -c -g -O2  conftest.c >&5
configure:3351: $? = 0
configure:3358: result: yes
configure:3371: checking for sys/types.h
configure:3371: gcc -c -g -O2  conftest.c >&5
configure:3371: $? = 0
configure:3371: result: yes
configure:3371: checking for sys/stat.h
configure:3371: gcc -c -g -O2  conftest.c >&5
configure:3371: $? = 0
configure:3371: result: yes
configure:3371: checking for stdlib.h
configure:3371: gcc -c -g -O2  conftest.c >&5
configure:3371: $? = 0
configure:3371: result: yes
configure:3371: checking for string.h
configure:3371: gcc -c -g -O2  conftest.c >&5
configure:3371: $? = 0
configure:3371: result: yes
configure:3371: checking for memory.h
configure:3371: gcc -c -g -O2  conftest.c >&5
configure:3371: $? = 0
configure:3371: result: yes
configure:3371: checking for strings.h
configure:3371: gcc -c -g -O2  conftest.c >&5
configure:3371: $? = 0
configure:3371: result: yes
configure:3371: checking for inttypes.h
configure:3371: gcc -c -g -O2  conftest.c >&5
configure:3371: $? = 0
configure:3371: result: yes
configure:3371: checking for stdint.h
configure:3371: gcc -c -g -O2  conftest.c >&5
configure:3371: $? = 0
configure:3371: result: yes
configure:3371: checking for unistd.h
configure:3371: gcc -c -g -O2  conftest.c >&5
configure:3371: $? = 0
configure:3371: result: yes
configure:3383: checking for size_t
configure:3383: gcc -c -g -O2  conftest.c >&5
configure:3383: $? = 0
configure:3383: gcc -c -g -O2  conftest.c >&5
conftest.c: In function 'main':
conftest.c:56:21: error: expected expression before ')' token
 if (sizeof ((size_t)))
                     ^
configure:3383: $? = 1
configure: failed program was:
| /* confdefs.h */
| #define PACKAGE_NAME ""
| #define PACKAGE_TARNAME ""
| #define PACKAGE_VERSION ""
| #define PACKAGE_STRING ""
| #define PACKAGE_BUGREPORT ""
| #define PACKAGE_URL ""
| #define STDC_HEADERS 1
| #define TIME_WITH_SYS_TIME 1
| #define HAVE_SYS_TYPES_H 1
| #define HAVE_SYS_STAT_H 1
| #define HAVE_STDLIB_H 1
| #define HAVE_STRING_H 1
| #define HAVE_MEMORY_H 1
| #define HAVE_STRINGS_H 1
| #define HAVE_INTTYPES_H 1
| #define HAVE_STDINT_H 1
| #define HAVE_UNISTD_H 1
| /* end confdefs.h.  */
| #include <stdio.h>
| #ifdef HAVE_SYS_TYPES_H
| # include <sys/types.h>
| #endif
| #ifdef HAVE_SYS_STAT_H
| # include <sys/stat.h>
| #endif
| #ifdef STDC_HEADERS
| # include <stdlib.h>
| # include <stddef.h>
| #else
| # ifdef HAVE_STDLIB_H
| #  include <stdlib.h>
| # endif
| #endif
| #ifdef HAVE_STRING_H
| # if !defined STDC_HEADERS && defined HAVE_MEMORY_H
| #  include <memory.h>
| # endif
| # include <string.h>
| #endif
| #ifdef HAVE_STRINGS_H
| # include <strings.h>
| #endif
| #ifdef HAVE_INTTYPES_H
| # include <inttypes.h>
| #endif
| #ifdef HAVE_STDINT_H
| # include <stdint.h>
| #endif
| #ifdef HAVE_UNISTD_H
| # include <unistd.h>
| #endif
| int
| main ()
| {
| if (sizeof ((size_t)))
| 	    return 0;
|   ;
|   return 0;
| }
configure:3383: result: yes
configure:3396: checking for working alloca.h
configure:3413: gcc -o conftest -g -O2   conftest.c  >&5
configure:3413: $? = 0
configure:3421: result: yes
configure:3429: checking for alloca
configure:3466: gcc -o conftest -g -O2   conftest.c  >&5
configure:3466: $? = 0
configure:3474: result: yes
configure:3583: checking for unistd.h
configure:3583: result: yes
configure:3583: checking stdio.h usability
configure:3583: gcc -c -g -O2  conftest.c >&5
configure:3583: $? = 0
configure:3583: result: yes
configure:3583: checking stdio.h presence
configure:3583: gcc -E  conftest.c
configure:3583: $? = 0
configure:3583: result: yes
configure:3583: checking for stdio.h
configure:3583: result: yes
configure:3583: checking for stdlib.h
configure:3583: result: yes
configure:3583: checking for string.h
configure:3583: result: yes
configure:3583: checking netinet/in.h usability
configure:3583: gcc -c -g -O2  conftest.c >&5
configure:3583: $? = 0
configure:3583: result: yes
configure:3583: checking netinet/in.h presence
configure:3583: gcc -E  conftest.c
configure:3583: $? = 0
configure:3583: result: yes
configure:3583: checking for netinet/in.h
configure:3583: result: yes
configure:3583: checking sys/socket.h usability
configure:3583: gcc -c -g -O2  conftest.c >&5
configure:3583: $? = 0
configure:3583: result: yes
configure:3583: checking sys/socket.h presence
configure:3583: gcc -E  conftest.c
configure:3583: $? = 0
configure:3583: result: yes
configure:3583: checking for sys/socket.h
configure:3583: result: yes
configure:3583: checking sys/select.h usability
configure:3583: gcc -c -g -O2  conftest.c >&5
configure:3583: $? = 0
configure:3583: result: yes
configure:3583: checking sys/select.h presence
configure:3583: gcc -E  conftest.c
configure:3583: $? = 0
configure:3583: result: yes
configure:3583: checking for sys/select.h
configure:3583: result: yes
configure:3583: checking netdb.h usability
configure:3583: gcc -c -g -O2  conftest.c >&5
configure:3583: $? = 0
configure:3583: result: yes
configure:3583: checking netdb.h presence
configure:3583: gcc -E  conftest.c
configure:3583: $? = 0
configure:3583: result: yes
configure:3583: checking for netdb.h
configure:3583: result: yes
configure:3583: checking signal.h usability
configure:3583: gcc -c -g -O2  conftest.c >&5
configure:3583: $? = 0
configure:3583: result: yes
configure:3583: checking signal.h presence
configure:3583: gcc -E  conftest.c
configure:3583: $? = 0
configure:3583: result: yes
configure:3583: checking for signal.h
configure:3583: result: yes
configure:3583: checking sys/time.h usability
configure:3583: gcc -c -g -O2  conftest.c >&5
configure:3583: $? = 0
configure:3583: result: yes
configure:3583: checking sys/time.h presence
configure:3583: gcc -E  conftest.c
configure:3583: $? = 0
configure:3583: result: yes
configure:3583: checking for sys/time.h
configure:3583: result: yes
configure:3745: creating ./config.status

## ---------------------- ##
## Running config.status. ##
## ---------------------- ##

This file was extended by config.status, which was
generated by GNU Autoconf 2.69.  Invocation command line was

  CONFIG_FILES    = 
  CONFIG_HEADERS  = 
  CONFIG_LINKS    = 
  CONFIG_COMMANDS = 
  $ ./config.status 

on vault.hepazulian.net

config.status:725: creating Makefile

## ---------------- ##
## Cache variables. ##
## ---------------- ##

ac_cv_c_compiler_gnu=yes
ac_cv_env_CC_set=
ac_cv_env_CC_value=
ac_cv_env_CFLAGS_set=
ac_cv_env_CFLAGS_value=
ac_cv_env_CPPFLAGS_set=
ac_cv_env_CPPFLAGS_value=
ac_cv_env_CPP_set=
ac_cv_env_CPP_value=
ac_cv_env_LDFLAGS_set=
ac_cv_env_LDFLAGS_value=
ac_cv_env_LIBS_set=
ac_cv_env_LIBS_value=
ac_cv_env_build_alias_set=
ac_cv_env_build_alias_value=
ac_cv_env_host_alias_set=
ac_cv_env_host_alias_value=
ac_cv_env_target_alias_set=
ac_cv_env_target_alias_value=
ac_cv_func_alloca_works=yes
ac_cv_header_inttypes_h=yes
ac_cv_header_memory_h=yes
ac_cv_header_netdb_h=yes
ac_cv_header_netinet_in_h=yes
ac_cv_header_signal_h=yes
ac_cv_header_stdc=yes
ac_cv_header_stdint_h=yes
ac_cv_header_stdio_h=yes
ac_cv_header_stdlib_h=yes
ac_cv_header_string_h=yes
ac_cv_header_strings_h=yes
ac_cv_header_sys_select_h=yes
ac_cv_header_sys_socket_h=yes
ac_cv_header_sys_stat_h=yes
ac_cv_header_sys_time_h=yes
ac_cv_header_sys_types_h=yes
ac_cv_header_time=yes
ac_cv_header_unistd_h=yes
ac_cv_objext=o
ac_cv_path_EGREP='/usr/bin/grep -E'
ac_cv_path_GREP=/usr/bin/grep
ac_cv_prog_CPP='gcc -E'
ac_cv_prog_ac_ct_CC=gcc
ac_cv_prog_cc_c89=
ac_cv_prog_cc_g=yes
ac_cv_type_size_t=yes
ac_cv_working_alloca_h=yes

## ----------------- ##
## Output variables. ##
## ----------------- ##

ALLOCA=''
CC='gcc'
CFLAGS='-g -O2'
CPP='gcc -E'
CPPFLAGS=''
DEFS='-DPACKAGE_NAME=\"\" -DPACKAGE_TARNAME=\"\" -DPACKAGE_VERSION=\"\" -DPACKAGE_STRING=\"\" -DPACKAGE_BUGREPORT=\"\" -DPACKAGE_URL=\"\" -DSTDC_HEADERS=1 -DTIME_WITH_SYS_TIME=1 -DHAVE_SYS_TYPES_H=1 -DHAVE_SYS_STAT_H=1 -DHAVE_STDLIB_H=1 -DHAVE_STRING_H=1 -DHAVE_MEMORY_H=1 -DHAVE_STRINGS_H=1 -DHAVE_INTTYPES_H=1 -DHAVE_STDINT_H=1 -DHAVE_UNISTD_H=1 -DHAVE_ALLOCA_H=1 -DHAVE_ALLOCA=1 -DHAVE_UNISTD_H=1 -DHAVE_STDIO_H=1 -DHAVE_STDLIB_H=1 -DHAVE_STRING_H=1 -DHAVE_NETINET_IN_H=1 -DHAVE_SYS_SOCKET_H=1 -DHAVE_SYS_SELECT_H=1 -DHAVE_NETDB_H=1 -DHAVE_SIGNAL_H=1 -DHAVE_SYS_TIME_H=1'
ECHO_C=''
ECHO_N='-n'
ECHO_T=''
EGREP='/usr/bin/grep -E'
EXEEXT=''
GREP='/usr/bin/grep'
LDFLAGS=''
LIBOBJS=''
LIBS=''
LTLIBOBJS=''
OBJEXT='o'
PACKAGE_BUGREPORT=''
PACKAGE_NAME=''
PACKAGE_STRING=''
PACKAGE_TARNAME=''
PACKAGE_URL=''
PACKAGE_VERSION=''
PATH_SEPARATOR=':'
SHELL='/bin/sh'
ac_ct_CC='gcc'
bindir='${exec_prefix}/bin'
build_alias=''
datadir='${datarootdir}'
datarootdir='${prefix}/share'
docdir='${datarootdir}/doc/${PACKAGE}'
dvidir='${docdir}'
exec_prefix='${prefix}'
host_alias=''
htmldir='${docdir}'
includedir='${prefix}/include'
infodir='${datarootdir}/info'
libdir='${exec_prefix}/lib'
libexecdir='${exec_prefix}/libexec'
localedir='${datarootdir}/locale'
localstatedir='${prefix}/var'
mandir='${datarootdir}/man'
oldincludedir='/usr/include'
pdfdir='${docdir}'
prefix='/usr/local'
program_transform_name='s,x,x,'
psdir='${docdir}'
sbindir='${exec_prefix}/sbin'
sharedstatedir='${prefix}/com'
sysconfdir='${prefix}/etc'
target_alias=''

## ----------- ##
## confdefs.h. ##
## ----------- ##

/* confdefs.h */
#define PACKAGE_NAME ""
#define PACKAGE_TARNAME ""
#define PACKAGE_VERSION ""
#define PACKAGE_STRING ""
#define PACKAGE_BUGREPORT ""
#define PACKAGE_URL ""
#define STDC_HEADERS 1
#define TIME_WITH_SYS_TIME 1
#define HAVE_SYS_TYPES_H 1
#define HAVE_SYS_STAT_H 1
#define HAVE_STDLIB_H 1
#define HAVE_STRING_H 1
#define HAVE_MEMORY_H 1
#define HAVE_STRINGS_H 1
#define HAVE_INTTYPES_H 1
#define HAVE_STDINT_H 1
#define HAVE_UNISTD_H 1
#define HAVE_ALLOCA_H 1
#define HAVE_ALLOCA 1
#define HAVE_UNISTD_H 1
#define HAVE_STDIO_H 1
#define HAVE_STDLIB_H 1
#define HAVE_STRING_H 1
#define HAVE_NETINET_IN_H 1
#define HAVE_SYS_SOCKET_H 1
#define HAVE_SYS_SELECT_H 1
#define HAVE_NETDB_H 1
#define HAVE_SIGNAL_H 1
#define HAVE_SYS_TIME_H 1

configure: exit 0
