
          ::::    :::: ::::::   :::   ::::::. :::::   .::::.  ::  TM
           ::      ::  ``  ::  :: ::   ::  ::  :: ::  ::  :: ::::
           ::      ::     ::  ::   ::  ::  ::  ::  :: ::     ::::
           ::      ::    ::   :::::::  :::::'  ::  :: `::::.  ::
           ::   .  ::   ::    ::   ::  :: :::  ::  ::     ::  ::
           ::  .:  ::   :: .. ::   ::  ::  ::  :: ::  ::  ::  ..
          ::::::: :::: :::::: ::   :: :::  :: :::::   `::::'  ::

                        (c) Copyright, 1991,92,93.
                        LIZARDS! (TM), 1991,92,93.
                      Programmed by Stuart Nicholson.
                          Contact Circle Games,
                  P O Box 105320 Auckland, New Zealand.
                           Phone (09) 358 5378.

LIZARDS! Text Orders Convertor. Ver 1.1b Last compiled Dec 20 1996.

Saving Processed Orders...

Finished!

          ::::    :::: ::::::   :::   ::::::. :::::   .::::.  ::  TM
           ::      ::  ``  ::  :: ::   ::  ::  :: ::  ::  :: ::::
           ::      ::     ::  ::   ::  ::  ::  ::  :: ::     ::::
           ::      ::    ::   :::::::  :::::'  ::  :: `::::.  ::
           ::   .  ::   ::    ::   ::  :: :::  ::  ::     ::  ::
           ::  .:  ::   :: .. ::   ::  ::  ::  :: ::  ::  ::  ..
          ::::::: :::: :::::: ::   :: :::  :: :::::   `::::'  ::

                        (c) Copyright, 1991,92,93.
                        LIZARDS! (TM), 1991,92,93.
                      Programmed by Stuart Nicholson.
                          Contact Circle Games,
                  P O Box 105320 Auckland, New Zealand.
                           Phone (09) 358 5378.

LIZARDS! Terrain Master. Ver 1.1b Last compiled Dec 20 1996.

Working terrain... 

Finished!

          ::::    :::: ::::::   :::   ::::::. :::::   .::::.  ::  TM
           ::      ::  ``  ::  :: ::   ::  ::  :: ::  ::  :: ::::
           ::      ::     ::  ::   ::  ::  ::  ::  :: ::     ::::
           ::      ::    ::   :::::::  :::::'  ::  :: `::::.  ::
           ::   .  ::   ::    ::   ::  :: :::  ::  ::     ::  ::
           ::  .:  ::   :: .. ::   ::  ::  ::  :: ::  ::  ::  ..
          ::::::: :::: :::::: ::   :: :::  :: :::::   `::::'  ::

                        (c) Copyright, 1991,92,93.
                        LIZARDS! (TM), 1991,92,93.
                      Programmed by Stuart Nicholson.
                          Contact Circle Games,
                  P O Box 105320 Auckland, New Zealand.
                           Phone (09) 358 5378.

LIZARDS! Binary Orders Shuffler. Ver 1.1b Last compiled Dec 20 1996.

Finished!

          ::::    :::: ::::::   :::   ::::::. :::::   .::::.  ::  TM
           ::      ::  ``  ::  :: ::   ::  ::  :: ::  ::  :: ::::
           ::      ::     ::  ::   ::  ::  ::  ::  :: ::     ::::
           ::      ::    ::   :::::::  :::::'  ::  :: `::::.  ::
           ::   .  ::   ::    ::   ::  :: :::  ::  ::     ::  ::
           ::  .:  ::   :: .. ::   ::  ::  ::  :: ::  ::  ::  ..
          ::::::: :::: :::::: ::   :: :::  :: :::::   `::::'  ::

                        (c) Copyright, 1991,92,93.
                        LIZARDS! (TM), 1991,92,93.
                      Programmed by Stuart Nicholson.
                          Contact Circle Games,
                  P O Box 105320 Auckland, New Zealand.
                           Phone (09) 358 5378.

LIZARDS! World Open. Ver 1.1b Last compiled Dec 20 1996.

Messaging players... 
Opening world... 
Updating spys... 

Finished!

          ::::    :::: ::::::   :::   ::::::. :::::   .::::.  ::  TM
           ::      ::  ``  ::  :: ::   ::  ::  :: ::  ::  :: ::::
           ::      ::     ::  ::   ::  ::  ::  ::  :: ::     ::::
           ::      ::    ::   :::::::  :::::'  ::  :: `::::.  ::
           ::   .  ::   ::    ::   ::  :: :::  ::  ::     ::  ::
           ::  .:  ::   :: .. ::   ::  ::  ::  :: ::  ::  ::  ..
          ::::::: :::: :::::: ::   :: :::  :: :::::   `::::'  ::

                        (c) Copyright, 1991,92,93.
                        LIZARDS! (TM), 1991,92,93.
                      Programmed by Stuart Nicholson.
                          Contact Circle Games,
                  P O Box 105320 Auckland, New Zealand.
                           Phone (09) 358 5378.

LIZARDS! World Master. Ver 1.1b Last compiled Dec 20 1996.

LIZARDS! SYSTEM PASS:
PASS -1 END.
PASS 0:
PASS 0 END.
PASS 1:
PASS 1 END.
PASS 2:
PASS 2 END.
Finished!

          ::::    :::: ::::::   :::   ::::::. :::::   .::::.  ::  TM
           ::      ::  ``  ::  :: ::   ::  ::  :: ::  ::  :: ::::
           ::      ::     ::  ::   ::  ::  ::  ::  :: ::     ::::
           ::      ::    ::   :::::::  :::::'  ::  :: `::::.  ::
           ::   .  ::   ::    ::   ::  :: :::  ::  ::     ::  ::
           ::  .:  ::   :: .. ::   ::  ::  ::  :: ::  ::  ::  ..
          ::::::: :::: :::::: ::   :: :::  :: :::::   `::::'  ::

                        (c) Copyright, 1991,92,93.
                        LIZARDS! (TM), 1991,92,93.
                      Programmed by Stuart Nicholson.
                          Contact Circle Games,
                  P O Box 105320 Auckland, New Zealand.
                           Phone (09) 358 5378.

LIZARDS! World Shut. Ver 1.1b Last compiled Dec 20 1996.


Shutting world...
Updating spys...
Counting HOME DENS...
 

Finished!

          ::::    :::: ::::::   :::   ::::::. :::::   .::::.  ::  TM
           ::      ::  ``  ::  :: ::   ::  ::  :: ::  ::  :: ::::
           ::      ::     ::  ::   ::  ::  ::  ::  :: ::     ::::
           ::      ::    ::   :::::::  :::::'  ::  :: `::::.  ::
           ::   .  ::   ::    ::   ::  :: :::  ::  ::     ::  ::
           ::  .:  ::   :: .. ::   ::  ::  ::  :: ::  ::  ::  ..
          ::::::: :::: :::::: ::   :: :::  :: :::::   `::::'  ::

                        (c) Copyright, 1991,92,93.
                        LIZARDS! (TM), 1991,92,93.
                      Programmed by Stuart Nicholson.
                          Contact Circle Games,
                  P O Box 105320 Auckland, New Zealand.
                           Phone (09) 358 5378.

LIZARDS! Clan Status Reporter. Ver 1.1b Last compiled Dec 20 1996.

Messaging Players... 
Reporting Clans and Dens... 
Reporting Spys... 

Finished!

          ::::    :::: ::::::   :::   ::::::. :::::   .::::.  ::  TM
           ::      ::  ``  ::  :: ::   ::  ::  :: ::  ::  :: ::::
           ::      ::     ::  ::   ::  ::  ::  ::  :: ::     ::::
           ::      ::    ::   :::::::  :::::'  ::  :: `::::.  ::
           ::   .  ::   ::    ::   ::  :: :::  ::  ::     ::  ::
           ::  .:  ::   :: .. ::   ::  ::  ::  :: ::  ::  ::  ..
          ::::::: :::: :::::: ::   :: :::  :: :::::   `::::'  ::

                        (c) Copyright, 1991,92,93.
                        LIZARDS! (TM), 1991,92,93.
                      Programmed by Stuart Nicholson.
                          Contact Circle Games,
                  P O Box 105320 Auckland, New Zealand.
                           Phone (09) 358 5378.

LIZARDS! Clan Rank Program. Ver 1.1b Last compiled Dec 20 1996.

Messaging Players... 
Counting Heads... 
Counting Spys... 
Sorting Clans... 
Messaging Players... 
Checking VICTORY CONDITIONS... 

Finished!

          ::::    :::: ::::::   :::   ::::::. :::::   .::::.  ::  TM
           ::      ::  ``  ::  :: ::   ::  ::  :: ::  ::  :: ::::
           ::      ::     ::  ::   ::  ::  ::  ::  :: ::     ::::
           ::      ::    ::   :::::::  :::::'  ::  :: `::::.  ::
           ::   .  ::   ::    ::   ::  :: :::  ::  ::     ::  ::
           ::  .:  ::   :: .. ::   ::  ::  ::  :: ::  ::  ::  ..
          ::::::: :::: :::::: ::   :: :::  :: :::::   `::::'  ::

                        (c) Copyright, 1991,92,93.
                        LIZARDS! (TM), 1991,92,93.
                      Programmed by Stuart Nicholson.
                          Contact Circle Games,
                  P O Box 105320 Auckland, New Zealand.
                           Phone (09) 358 5378.

LIZARDS! Message Append Utility. Ver 1.1b Last compiled Dec 20 1996.

Appending Player 0's Messages...
Appending Player 1's Messages...
Appending Player 2's Messages...
Appending Player 0's Errors...
Appending Player 1's Errors...
Appending Player 2's Errors...

Finished!
