This file contains any messages produced by compilers while
running configure, to aid debugging if configure makes a mistake.

It was created by configure, which was
generated by GNU Autoconf 2.69.  Invocation command line was

  $ ./configure 

## --------- ##
## Platform. ##
## --------- ##

hostname = vault.hepazulian.net
uname -m = x86_64
uname -r = 4.9.0
uname -s = Linux
uname -v = #2 SMP PREEMPT Fri Dec 23 15:40:01 GMT 2016

/usr/bin/uname -p = unknown
/bin/uname -X     = unknown

/bin/arch              = x86_64
/usr/bin/arch -k       = x86_64
/usr/convex/getsysinfo = unknown
/usr/bin/hostinfo      = unknown
/bin/machine           = unknown
/usr/bin/oslevel       = unknown
/bin/universe          = unknown

PATH: /locker/build/rakudobrew/bin
PATH: /usr/local/sbin
PATH: /usr/local/bin
PATH: /usr/bin
PATH: /usr/sbin
PATH: /opt/fop
PATH: /opt/gimp/bin
PATH: /opt/graphviz/bin
PATH: /opt/inkscape/bin
PATH: /opt/jdk1.8.0_60/bin
PATH: /opt/mysql5/bin
PATH: /opt/postgresql/bin
PATH: /opt/schily/bin
PATH: /opt/tex/bin
PATH: /usr/share/perl6/site/bin
PATH: /home/ralexand/bin


## ----------- ##
## Core tests. ##
## ----------- ##

configure:2149: checking for gcc
configure:2165: found /usr/bin/gcc
configure:2176: result: gcc
configure:2405: checking for C compiler version
configure:2414: gcc --version >&5
gcc (GCC) 6.3.0
Copyright (C) 2016 Free Software Foundation, Inc.
This is free software; see the source for copying conditions.  There is NO
warranty; not even for MERCHANTABILITY or FITNESS FOR A PARTICULAR PURPOSE.

configure:2425: $? = 0
configure:2414: gcc -v >&5
Using built-in specs.
COLLECT_GCC=gcc
COLLECT_LTO_WRAPPER=/usr/libexec/gcc/x86_64-linux/6.3.0/lto-wrapper
Target: x86_64-linux
Configured with: /locker/build/gcc-6.3.0/configure --prefix=/usr --build=x86_64-linux --enable-targets=all build_alias=x86_64-linux --enable-languages=c,c++,fortran,lto,objc,obj-c++
Thread model: posix
gcc version 6.3.0 (GCC) 
configure:2425: $? = 0
configure:2414: gcc -V >&5
gcc: error: unrecognized command line option '-V'
gcc: fatal error: no input files
compilation terminated.
configure:2425: $? = 1
configure:2414: gcc -qversion >&5
gcc: error: unrecognized command line option '-qversion'; did you mean '--version'?
gcc: fatal error: no input files
compilation terminated.
configure:2425: $? = 1
configure:2445: checking whether the C compiler works
configure:2467: gcc    conftest.c  >&5
configure:2471: $? = 0
configure:2519: result: yes
configure:2522: checking for C compiler default output file name
configure:2524: result: a.out
configure:2530: checking for suffix of executables
configure:2537: gcc -o conftest    conftest.c  >&5
configure:2541: $? = 0
configure:2563: result: 
configure:2585: checking whether we are cross compiling
configure:2593: gcc -o conftest    conftest.c  >&5
configure:2597: $? = 0
configure:2604: ./conftest
configure:2608: $? = 0
configure:2623: result: no
configure:2628: checking for suffix of object files
configure:2650: gcc -c   conftest.c >&5
configure:2654: $? = 0
configure:2675: result: o
configure:2679: checking whether we are using the GNU C compiler
configure:2698: gcc -c   conftest.c >&5
configure:2698: $? = 0
configure:2707: result: yes
configure:2716: checking whether gcc accepts -g
configure:2736: gcc -c -g  conftest.c >&5
configure:2736: $? = 0
configure:2777: result: yes
configure:2794: checking for gcc option to accept ISO C89
configure:2857: gcc  -c -g -O2  conftest.c >&5
configure:2857: $? = 0
configure:2870: result: none needed
configure:2896: checking how to run the C preprocessor
configure:2927: gcc -E  conftest.c
configure:2927: $? = 0
configure:2941: gcc -E  conftest.c
conftest.c:9:28: fatal error: ac_nonexistent.h: No such file or directory
 #include <ac_nonexistent.h>
                            ^
compilation terminated.
configure:2941: $? = 1
configure: failed program was:
| /* confdefs.h */
| #define PACKAGE_NAME ""
| #define PACKAGE_TARNAME ""
| #define PACKAGE_VERSION ""
| #define PACKAGE_STRING ""
| #define PACKAGE_BUGREPORT ""
| #define PACKAGE_URL ""
| /* end confdefs.h.  */
| #include <ac_nonexistent.h>
configure:2966: result: gcc -E
configure:2986: gcc -E  conftest.c
configure:2986: $? = 0
configure:3000: gcc -E  conftest.c
conftest.c:9:28: fatal error: ac_nonexistent.h: No such file or directory
 #include <ac_nonexistent.h>
                            ^
compilation terminated.
configure:3000: $? = 1
configure: failed program was:
| /* confdefs.h */
| #define PACKAGE_NAME ""
| #define PACKAGE_TARNAME ""
| #define PACKAGE_VERSION ""
| #define PACKAGE_STRING ""
| #define PACKAGE_BUGREPORT ""
| #define PACKAGE_URL ""
| /* end confdefs.h.  */
| #include <ac_nonexistent.h>
configure:3029: checking for grep that handles long lines and -e
configure:3087: result: /usr/bin/grep
configure:3092: checking for egrep
configure:3154: result: /usr/bin/grep -E
configure:3159: checking for ANSI C header files
configure:3179: gcc -c -g -O2  conftest.c >&5
configure:3179: $? = 0
configure:3252: gcc -o conftest -g -O2   conftest.c  >&5
configure:3252: $? = 0
configure:3252: ./conftest
configure:3252: $? = 0
configure:3263: result: yes
configure:3276: checking for sys/types.h
configure:3276: gcc -c -g -O2  conftest.c >&5
configure:3276: $? = 0
configure:3276: result: yes
configure:3276: checking for sys/stat.h
configure:3276: gcc -c -g -O2  conftest.c >&5
configure:3276: $? = 0
configure:3276: result: yes
configure:3276: checking for stdlib.h
configure:3276: gcc -c -g -O2  conftest.c >&5
configure:3276: $? = 0
configure:3276: result: yes
configure:3276: checking for string.h
configure:3276: gcc -c -g -O2  conftest.c >&5
configure:3276: $? = 0
configure:3276: result: yes
configure:3276: checking for memory.h
configure:3276: gcc -c -g -O2  conftest.c >&5
configure:3276: $? = 0
configure:3276: result: yes
configure:3276: checking for strings.h
configure:3276: gcc -c -g -O2  conftest.c >&5
configure:3276: $? = 0
configure:3276: result: yes
configure:3276: checking for inttypes.h
configure:3276: gcc -c -g -O2  conftest.c >&5
configure:3276: $? = 0
configure:3276: result: yes
configure:3276: checking for stdint.h
configure:3276: gcc -c -g -O2  conftest.c >&5
configure:3276: $? = 0
configure:3276: result: yes
configure:3276: checking for unistd.h
configure:3276: gcc -c -g -O2  conftest.c >&5
configure:3276: $? = 0
configure:3276: result: yes
configure:3291: checking for unistd.h
configure:3291: result: yes
configure:3291: checking getopt.h usability
configure:3291: gcc -c -g -O2  conftest.c >&5
configure:3291: $? = 0
configure:3291: result: yes
configure:3291: checking getopt.h presence
configure:3291: gcc -E  conftest.c
configure:3291: $? = 0
configure:3291: result: yes
configure:3291: checking for getopt.h
configure:3291: result: yes
configure:3291: checking errno.h usability
configure:3291: gcc -c -g -O2  conftest.c >&5
configure:3291: $? = 0
configure:3291: result: yes
configure:3291: checking errno.h presence
configure:3291: gcc -E  conftest.c
configure:3291: $? = 0
configure:3291: result: yes
configure:3291: checking for errno.h
configure:3291: result: yes
configure:3291: checking for stdlib.h
configure:3291: result: yes
configure:3291: checking malloc.h usability
configure:3291: gcc -c -g -O2  conftest.c >&5
configure:3291: $? = 0
configure:3291: result: yes
configure:3291: checking malloc.h presence
configure:3291: gcc -E  conftest.c
configure:3291: $? = 0
configure:3291: result: yes
configure:3291: checking for malloc.h
configure:3291: result: yes
configure:3291: checking for string.h
configure:3291: result: yes
configure:3380: checking for pkg-config
configure:3398: found /usr/bin/pkg-config
configure:3410: result: /usr/bin/pkg-config
configure:3435: checking pkg-config is at least version 0.16
configure:3438: result: yes
configure:3456: checking for GLIB - version >= 2.0.0
configure:3570: gcc -o conftest -g -O2 -I/usr/include/glib-2.0 -I/usr/lib64/glib-2.0/include     conftest.c -L/usr/lib64 -lglib-2.0    >&5
configure:3570: $? = 0
configure:3570: ./conftest
configure:3570: $? = 0
configure:3584: result: yes (version 2.50.2)
configure:3672: checking for pkg-config
configure:3703: result: /usr/bin/pkg-config
configure:3725: checking for GTK+ - version >= 2.0.0
configure:3835: gcc -o conftest -g -O2 -pthread -I/usr/include/gtk-2.0 -I/usr/lib64/gtk-2.0/include -I/usr/include/atk-1.0 -I/usr/include/cairo -I/usr/include/gdk-pixbuf-2.0 -I/usr/include/pango-1.0 -I/usr/include/glib-2.0 -I/usr/lib64/glib-2.0/include -I/usr/include/harfbuzz -I/usr/include/freetype2 -I/usr/include/libpng16 -I/usr/include/pixman-1     conftest.c -L/usr/lib64 -lgtk-x11-2.0 -lgdk-x11-2.0 -latk-1.0 -lgio-2.0 -lpangoft2-1.0 -lpangocairo-1.0 -lgdk_pixbuf-2.0 -lcairo -lpango-1.0 -lfontconfig -lgobject-2.0 -lglib-2.0 -lfreetype    >&5
configure:3835: $? = 0
configure:3835: ./conftest
configure:3835: $? = 0
configure:3849: result: yes (version 2.24.31)
configure:3949: checking for xml2-config
configure:3967: found /usr/bin/xml2-config
configure:3980: result: /usr/bin/xml2-config
configure:3989: checking for libxml - version >= 2.0.0
configure:4091: gcc -o conftest -g -O2  -I/usr/include/libxml2  conftest.c -lxml2 -lz -llzma -lm -ldl  >&5
configure:4091: $? = 0
configure:4091: ./conftest
configure:4091: $? = 0
configure:4106: result: yes (version 2.9.4)
configure:4172: checking for XMLPP
configure:4179: $PKG_CONFIG --exists --print-errors "libxml++-3.0 >= 3.0.0"
configure:4182: $? = 0
configure:4195: $PKG_CONFIG --exists --print-errors "libxml++-3.0 >= 3.0.0"
configure:4198: $? = 0
configure:4252: result: yes
configure:4258: checking for CAIRO
configure:4265: $PKG_CONFIG --exists --print-errors "cairo >= 1.6.4"
configure:4268: $? = 0
configure:4281: $PKG_CONFIG --exists --print-errors "cairo >= 1.6.4"
configure:4284: $? = 0
configure:4338: result: yes
configure:4344: checking for CAIROMM
configure:4351: $PKG_CONFIG --exists --print-errors "cairomm-1.0 >= 1.0.0"
configure:4354: $? = 0
configure:4367: $PKG_CONFIG --exists --print-errors "cairomm-1.0 >= 1.0.0"
configure:4370: $? = 0
configure:4424: result: yes
configure:4430: checking for RSVG
configure:4437: $PKG_CONFIG --exists --print-errors "librsvg-2.0 >= 2.32.0"
configure:4440: $? = 0
configure:4453: $PKG_CONFIG --exists --print-errors "librsvg-2.0 >= 2.32.0"
configure:4456: $? = 0
configure:4510: result: yes
configure:4678: creating ./config.status

## ---------------------- ##
## Running config.status. ##
## ---------------------- ##

This file was extended by config.status, which was
generated by GNU Autoconf 2.69.  Invocation command line was

  CONFIG_FILES    = 
  CONFIG_HEADERS  = 
  CONFIG_LINKS    = 
  CONFIG_COMMANDS = 
  $ ./config.status 

on vault.hepazulian.net

config.status:751: creating Makefile

## ---------------- ##
## Cache variables. ##
## ---------------- ##

ac_cv_c_compiler_gnu=yes
ac_cv_env_CAIROMM_CFLAGS_set=
ac_cv_env_CAIROMM_CFLAGS_value=
ac_cv_env_CAIROMM_LIBS_set=
ac_cv_env_CAIROMM_LIBS_value=
ac_cv_env_CAIRO_CFLAGS_set=
ac_cv_env_CAIRO_CFLAGS_value=
ac_cv_env_CAIRO_LIBS_set=
ac_cv_env_CAIRO_LIBS_value=
ac_cv_env_CC_set=
ac_cv_env_CC_value=
ac_cv_env_CFLAGS_set=
ac_cv_env_CFLAGS_value=
ac_cv_env_CPPFLAGS_set=
ac_cv_env_CPPFLAGS_value=
ac_cv_env_CPP_set=
ac_cv_env_CPP_value=
ac_cv_env_LDFLAGS_set=
ac_cv_env_LDFLAGS_value=
ac_cv_env_LIBS_set=
ac_cv_env_LIBS_value=
ac_cv_env_PKG_CONFIG_set=
ac_cv_env_PKG_CONFIG_value=
ac_cv_env_RSVG_CFLAGS_set=
ac_cv_env_RSVG_CFLAGS_value=
ac_cv_env_RSVG_LIBS_set=
ac_cv_env_RSVG_LIBS_value=
ac_cv_env_XMLPP_CFLAGS_set=
ac_cv_env_XMLPP_CFLAGS_value=
ac_cv_env_XMLPP_LIBS_set=
ac_cv_env_XMLPP_LIBS_value=
ac_cv_env_build_alias_set=
ac_cv_env_build_alias_value=
ac_cv_env_host_alias_set=
ac_cv_env_host_alias_value=
ac_cv_env_target_alias_set=
ac_cv_env_target_alias_value=
ac_cv_header_errno_h=yes
ac_cv_header_getopt_h=yes
ac_cv_header_inttypes_h=yes
ac_cv_header_malloc_h=yes
ac_cv_header_memory_h=yes
ac_cv_header_stdc=yes
ac_cv_header_stdint_h=yes
ac_cv_header_stdlib_h=yes
ac_cv_header_string_h=yes
ac_cv_header_strings_h=yes
ac_cv_header_sys_stat_h=yes
ac_cv_header_sys_types_h=yes
ac_cv_header_unistd_h=yes
ac_cv_objext=o
ac_cv_path_EGREP='/usr/bin/grep -E'
ac_cv_path_GREP=/usr/bin/grep
ac_cv_path_PKG_CONFIG=/usr/bin/pkg-config
ac_cv_path_XML2_CONFIG=/usr/bin/xml2-config
ac_cv_path_ac_pt_PKG_CONFIG=/usr/bin/pkg-config
ac_cv_prog_CPP='gcc -E'
ac_cv_prog_ac_ct_CC=gcc
ac_cv_prog_cc_c89=
ac_cv_prog_cc_g=yes
pkg_cv_CAIROMM_CFLAGS='-I/usr/include/cairomm-1.0 -I/usr/lib64/cairomm-1.0/include -I/usr/include/cairo -I/usr/include/sigc++-2.0 -I/usr/lib64/sigc++-2.0/include -I/usr/include/glib-2.0 -I/usr/lib64/glib-2.0/include -I/usr/include/pixman-1 -I/usr/include/freetype2 -I/usr/include/libpng16 -I/usr/include/harfbuzz  '
pkg_cv_CAIROMM_LIBS='-L/usr/lib64 -lcairomm-1.0 -lcairo -lsigc-2.0  '
pkg_cv_CAIRO_CFLAGS='-I/usr/include/cairo -I/usr/include/glib-2.0 -I/usr/lib64/glib-2.0/include -I/usr/include/pixman-1 -I/usr/include/freetype2 -I/usr/include/libpng16 -I/usr/include/harfbuzz  '
pkg_cv_CAIRO_LIBS='-L/usr/lib64 -lcairo  '
pkg_cv_RSVG_CFLAGS='-pthread -I/usr/include/librsvg-2.0 -I/usr/include/glib-2.0 -I/usr/lib64/glib-2.0/include -I/usr/include/gdk-pixbuf-2.0 -I/usr/include/cairo -I/usr/include/libpng16 -I/usr/include/pixman-1 -I/usr/include/freetype2 -I/usr/include/harfbuzz  '
pkg_cv_RSVG_LIBS='-L/usr/lib64 -lrsvg-2 -lm -lgio-2.0 -lgdk_pixbuf-2.0 -lcairo -lgobject-2.0 -lglib-2.0  '
pkg_cv_XMLPP_CFLAGS='-I/usr/include/libxml++-3.0 -I/usr/lib64/libxml++-3.0/include -I/usr/include/libxml2 -I/usr/include/glibmm-2.4 -I/usr/lib64/glibmm-2.4/include -I/usr/include/sigc++-2.0 -I/usr/lib64/sigc++-2.0/include -I/usr/include/glib-2.0 -I/usr/lib64/glib-2.0/include  '
pkg_cv_XMLPP_LIBS='-L/usr/lib64 -lxml++-3.0 -lxml2 -lglibmm-2.4 -lgobject-2.0 -lsigc-2.0 -lglib-2.0  '

## ----------------- ##
## Output variables. ##
## ----------------- ##

CAIROMM_CFLAGS='-I/usr/include/cairomm-1.0 -I/usr/lib64/cairomm-1.0/include -I/usr/include/cairo -I/usr/include/sigc++-2.0 -I/usr/lib64/sigc++-2.0/include -I/usr/include/glib-2.0 -I/usr/lib64/glib-2.0/include -I/usr/include/pixman-1 -I/usr/include/freetype2 -I/usr/include/libpng16 -I/usr/include/harfbuzz  '
CAIROMM_LIBS='-L/usr/lib64 -lcairomm-1.0 -lcairo -lsigc-2.0  '
CAIRO_CFLAGS='-I/usr/include/cairo -I/usr/include/glib-2.0 -I/usr/lib64/glib-2.0/include -I/usr/include/pixman-1 -I/usr/include/freetype2 -I/usr/include/libpng16 -I/usr/include/harfbuzz  '
CAIRO_LIBS='-L/usr/lib64 -lcairo  '
CC='gcc'
CFLAGS='-g -O2'
CPP='gcc -E'
CPPFLAGS=''
DEFS='-DPACKAGE_NAME=\"\" -DPACKAGE_TARNAME=\"\" -DPACKAGE_VERSION=\"\" -DPACKAGE_STRING=\"\" -DPACKAGE_BUGREPORT=\"\" -DPACKAGE_URL=\"\" -DSTDC_HEADERS=1 -DHAVE_SYS_TYPES_H=1 -DHAVE_SYS_STAT_H=1 -DHAVE_STDLIB_H=1 -DHAVE_STRING_H=1 -DHAVE_MEMORY_H=1 -DHAVE_STRINGS_H=1 -DHAVE_INTTYPES_H=1 -DHAVE_STDINT_H=1 -DHAVE_UNISTD_H=1 -DHAVE_UNISTD_H=1 -DHAVE_GETOPT_H=1 -DHAVE_ERRNO_H=1 -DHAVE_STDLIB_H=1 -DHAVE_MALLOC_H=1 -DHAVE_STRING_H=1'
ECHO_C=''
ECHO_N='-n'
ECHO_T=''
EGREP='/usr/bin/grep -E'
EXEEXT=''
GLIB_CFLAGS='-I/usr/include/glib-2.0 -I/usr/lib64/glib-2.0/include  '
GLIB_GENMARSHAL='glib-genmarshal'
GLIB_LIBS='-L/usr/lib64 -lglib-2.0  '
GLIB_MKENUMS='glib-mkenums'
GOBJECT_QUERY='gobject-query'
GREP='/usr/bin/grep'
GTK_CFLAGS='-pthread -I/usr/include/gtk-2.0 -I/usr/lib64/gtk-2.0/include -I/usr/include/atk-1.0 -I/usr/include/cairo -I/usr/include/gdk-pixbuf-2.0 -I/usr/include/pango-1.0 -I/usr/include/glib-2.0 -I/usr/lib64/glib-2.0/include -I/usr/include/harfbuzz -I/usr/include/freetype2 -I/usr/include/libpng16 -I/usr/include/pixman-1  '
GTK_LIBS='-L/usr/lib64 -lgtk-x11-2.0 -lgdk-x11-2.0 -latk-1.0 -lgio-2.0 -lpangoft2-1.0 -lpangocairo-1.0 -lgdk_pixbuf-2.0 -lcairo -lpango-1.0 -lfontconfig -lgobject-2.0 -lglib-2.0 -lfreetype  '
LDFLAGS=''
LIBOBJS=''
LIBS=''
LTLIBOBJS=''
OBJEXT='o'
PACKAGE_BUGREPORT=''
PACKAGE_NAME=''
PACKAGE_STRING=''
PACKAGE_TARNAME=''
PACKAGE_URL=''
PACKAGE_VERSION=''
PATH_SEPARATOR=':'
PKG_CONFIG='/usr/bin/pkg-config'
RSVG_CFLAGS='-pthread -I/usr/include/librsvg-2.0 -I/usr/include/glib-2.0 -I/usr/lib64/glib-2.0/include -I/usr/include/gdk-pixbuf-2.0 -I/usr/include/cairo -I/usr/include/libpng16 -I/usr/include/pixman-1 -I/usr/include/freetype2 -I/usr/include/harfbuzz  '
RSVG_LIBS='-L/usr/lib64 -lrsvg-2 -lm -lgio-2.0 -lgdk_pixbuf-2.0 -lcairo -lgobject-2.0 -lglib-2.0  '
SHELL='/bin/sh'
SVGCAIRO_CFLAGS=''
SVGCAIRO_LIBS=''
XML2_CONFIG='/usr/bin/xml2-config'
XMLPP_CFLAGS='-I/usr/include/libxml++-3.0 -I/usr/lib64/libxml++-3.0/include -I/usr/include/libxml2 -I/usr/include/glibmm-2.4 -I/usr/lib64/glibmm-2.4/include -I/usr/include/sigc++-2.0 -I/usr/lib64/sigc++-2.0/include -I/usr/include/glib-2.0 -I/usr/lib64/glib-2.0/include  '
XMLPP_LIBS='-L/usr/lib64 -lxml++-3.0 -lxml2 -lglibmm-2.4 -lgobject-2.0 -lsigc-2.0 -lglib-2.0  '
XML_CPPFLAGS='-I/usr/include/libxml2'
XML_LIBS='-lxml2 -lz -llzma -lm -ldl'
ac_ct_CC='gcc'
bindir='${exec_prefix}/bin'
build_alias=''
datadir='${datarootdir}'
datarootdir='${prefix}/share'
docdir='${datarootdir}/doc/${PACKAGE}'
dvidir='${docdir}'
exec_prefix='${prefix}'
host_alias=''
htmldir='${docdir}'
includedir='${prefix}/include'
infodir='${datarootdir}/info'
libdir='${exec_prefix}/lib'
libexecdir='${exec_prefix}/libexec'
localedir='${datarootdir}/locale'
localstatedir='${prefix}/var'
mandir='${datarootdir}/man'
oldincludedir='/usr/include'
pdfdir='${docdir}'
prefix='/usr/local'
program_transform_name='s,x,x,'
psdir='${docdir}'
sbindir='${exec_prefix}/sbin'
sharedstatedir='${prefix}/com'
sysconfdir='${prefix}/etc'
target_alias=''

## ----------- ##
## confdefs.h. ##
## ----------- ##

/* confdefs.h */
#define PACKAGE_NAME ""
#define PACKAGE_TARNAME ""
#define PACKAGE_VERSION ""
#define PACKAGE_STRING ""
#define PACKAGE_BUGREPORT ""
#define PACKAGE_URL ""
#define STDC_HEADERS 1
#define HAVE_SYS_TYPES_H 1
#define HAVE_SYS_STAT_H 1
#define HAVE_STDLIB_H 1
#define HAVE_STRING_H 1
#define HAVE_MEMORY_H 1
#define HAVE_STRINGS_H 1
#define HAVE_INTTYPES_H 1
#define HAVE_STDINT_H 1
#define HAVE_UNISTD_H 1
#define HAVE_UNISTD_H 1
#define HAVE_GETOPT_H 1
#define HAVE_ERRNO_H 1
#define HAVE_STDLIB_H 1
#define HAVE_MALLOC_H 1
#define HAVE_STRING_H 1

configure: exit 0
