This is pdfTeX, Version 3.141592-1.40.3 (Web2C 7.5.6) (format=pdflatex 2008.4.7)  3 JUL 2008 16:41
entering extended mode
**z
(./z.tex
LaTeX2e <2003/12/01>
Babel <v3.8d> and hyphenation patterns for american, french, german, ngerman, b
ahasa, basque, bulgarian, catalan, croatian, czech, danish, dutch, esperanto, e
stonian, finnish, greek, icelandic, irish, italian, latin, magyar, norsk, polis
h, portuges, romanian, russian, serbian, slovak, slovene, spanish, swedish, tur
kish, ukrainian, nohyphenation, loaded.
(/opt/tex/share/texmf/tex/latex/base/article.cls
Document Class: article 2004/02/16 v1.4f Standard LaTeX document class
(/opt/tex/share/texmf/tex/latex/base/size10.clo
File: size10.clo 2004/02/16 v1.4f Standard LaTeX file (size option)
)
\c@part=\count79
\c@section=\count80
\c@subsection=\count81
\c@subsubsection=\count82
\c@paragraph=\count83
\c@subparagraph=\count84
\c@figure=\count85
\c@table=\count86
\abovecaptionskip=\skip41
\belowcaptionskip=\skip42
\bibindent=\dimen102
)
(/opt/tex/share/texmf/tex/latex/graphics/graphicx.sty
Package: graphicx 1999/02/16 v1.0f Enhanced LaTeX Graphics (DPC,SPQR)

(/opt/tex/share/texmf/tex/latex/graphics/keyval.sty
Package: keyval 1999/03/16 v1.13 key=value parser (DPC)
\KV@toks@=\toks14
)
(/opt/tex/share/texmf/tex/latex/graphics/graphics.sty
Package: graphics 2001/07/07 v1.0n Standard LaTeX Graphics (DPC,SPQR)

(/opt/tex/share/texmf/tex/latex/graphics/trig.sty
Package: trig 1999/03/16 v1.09 sin cos tan (DPC)
)
(/opt/tex/share/texmf/tex/latex/graphics/graphics.cfg
File: graphics.cfg 2005/02/03 v1.3 graphics configuration of teTeX/TeXLive
)
Package graphics Info: Driver file: pdftex.def on input line 80.

(/opt/tex/share/texmf/tex/latex/graphics/pdftex.def
File: pdftex.def 2002/06/19 v0.03k graphics/color for pdftex
\Gread@gobject=\count87
))
\Gin@req@height=\dimen103
\Gin@req@width=\dimen104
) (./z.aux)
\openout1 = `z.aux'.

LaTeX Font Info:    Checking defaults for OML/cmm/m/it on input line 5.
LaTeX Font Info:    ... okay on input line 5.
LaTeX Font Info:    Checking defaults for T1/cmr/m/n on input line 5.
LaTeX Font Info:    ... okay on input line 5.
LaTeX Font Info:    Checking defaults for OT1/cmr/m/n on input line 5.
LaTeX Font Info:    ... okay on input line 5.
LaTeX Font Info:    Checking defaults for OMS/cmsy/m/n on input line 5.
LaTeX Font Info:    ... okay on input line 5.
LaTeX Font Info:    Checking defaults for OMX/cmex/m/n on input line 5.
LaTeX Font Info:    ... okay on input line 5.
LaTeX Font Info:    Checking defaults for U/cmr/m/n on input line 5.
LaTeX Font Info:    ... okay on input line 5.

(/opt/tex/share/texmf/tex/context/base/supp-pdf.tex
(/opt/tex/share/texmf/tex/context/base/supp-mis.tex
loading : Context Support Macros / Miscellaneous (2004.10.26)
\protectiondepth=\count88
\scratchcounter=\count89
\scratchtoks=\toks15
\scratchdimen=\dimen105
\scratchskip=\skip43
\scratchmuskip=\muskip10
\scratchbox=\box26
\scratchread=\read1
\scratchwrite=\write3
\zeropoint=\dimen106
\onepoint=\dimen107
\onebasepoint=\dimen108
\minusone=\count90
\thousandpoint=\dimen109
\onerealpoint=\dimen110
\emptytoks=\toks16
\nextbox=\box27
\nextdepth=\dimen111
\everyline=\toks17
\!!counta=\count91
\!!countb=\count92
\recursecounter=\count93
)
loading : Context Support Macros / PDF (2004.03.26)
\nofMPsegments=\count94
\nofMParguments=\count95
\MPscratchCnt=\count96
\MPscratchDim=\dimen112
\MPnumerator=\count97
\everyMPtoPDFconversion=\toks18
) <Test0101.pdf, id=1, 582.175pt x 714.67pt>
File: Test0101.pdf Graphic file (type pdf)
 <use Test0101.pdf> [1{/opt/tex/share/texmf-var/fonts/map/pdftex/updmap/pdftex.
map} <./Test0101.pdf

pdfTeX warning: pdflatex (file ./Test0101.pdf): PDF inclusion: Page Group detec
ted which pdfTeX can't handle. Ignoring it.
>] (./z.aux) ) 
Here is how much of TeX's memory you used:
 874 strings out of 94318
 10487 string characters out of 1172851
 56780 words of memory out of 250000
 4174 multiletter control sequences out of 10000+50000
 3640 words of font info for 14 fonts, out of 1200000 for 2000
 580 hyphenation exceptions out of 8191
 25i,6n,19p,213b,195s stack positions out of 5000i,500n,6000p,200000b,5000s
</opt/tex/share/texmf/fonts/type1/bluesky/cm/cmr10.pfb>
Output written on z.pdf (1 page, 42920 bytes).
PDF statistics:
 27 PDF objects out of 1000 (max. 8388607)
 0 named destinations out of 1000 (max. 131072)
 6 words of extra memory for PDF output out of 10000 (max. 10000000)

