
          ::::    :::: ::::::   :::   ::::::. :::::   .::::.  ::  TM
           ::      ::  ``  ::  :: ::   ::  ::  :: ::  ::  :: ::::
           ::      ::     ::  ::   ::  ::  ::  ::  :: ::     ::::
           ::      ::    ::   :::::::  :::::'  ::  :: `::::.  ::
           ::   .  ::   ::    ::   ::  :: :::  ::  ::     ::  ::
           ::  .:  ::   :: .. ::   ::  ::  ::  :: ::  ::  ::  ..
          ::::::: :::: :::::: ::   :: :::  :: :::::   `::::'  ::

                        (c) Copyright, 1991,92,93.
                        LIZARDS! (TM), 1991,92,93.
                      Programmed by Stuart Nicholson.
                          Contact Circle Games,
                  P O Box 105320 Auckland, New Zealand.
                           Phone (09) 358 5378.

LIZARDS! Text Orders Convertor. Ver 1.1b Last compiled Nov 15 1996.

Saving Processed Orders...

Finished!

          ::::    :::: ::::::   :::   ::::::. :::::   .::::.  ::  TM
           ::      ::  ``  ::  :: ::   ::  ::  :: ::  ::  :: ::::
           ::      ::     ::  ::   ::  ::  ::  ::  :: ::     ::::
           ::      ::    ::   :::::::  :::::'  ::  :: `::::.  ::
           ::   .  ::   ::    ::   ::  :: :::  ::  ::     ::  ::
           ::  .:  ::   :: .. ::   ::  ::  ::  :: ::  ::  ::  ..
          ::::::: :::: :::::: ::   :: :::  :: :::::   `::::'  ::

                        (c) Copyright, 1991,92,93.
                        LIZARDS! (TM), 1991,92,93.
                      Programmed by Stuart Nicholson.
                          Contact Circle Games,
                  P O Box 105320 Auckland, New Zealand.
                           Phone (09) 358 5378.

LIZARDS! Terrain Master. Ver 1.1b Last compiled Nov 15 1996.

Working terrain... 

Finished!

          ::::    :::: ::::::   :::   ::::::. :::::   .::::.  ::  TM
           ::      ::  ``  ::  :: ::   ::  ::  :: ::  ::  :: ::::
           ::      ::     ::  ::   ::  ::  ::  ::  :: ::     ::::
           ::      ::    ::   :::::::  :::::'  ::  :: `::::.  ::
           ::   .  ::   ::    ::   ::  :: :::  ::  ::     ::  ::
           ::  .:  ::   :: .. ::   ::  ::  ::  :: ::  ::  ::  ..
          ::::::: :::: :::::: ::   :: :::  :: :::::   `::::'  ::

                        (c) Copyright, 1991,92,93.
                        LIZARDS! (TM), 1991,92,93.
                      Programmed by Stuart Nicholson.
                          Contact Circle Games,
                  P O Box 105320 Auckland, New Zealand.
                           Phone (09) 358 5378.

LIZARDS! Binary Orders Shuffler. Ver 1.1b Last compiled Nov 15 1996.

Move Whirlpool (15O NE S).
Erupt Volcano (25R).
Move Whirlpool (23S NE NE).
Move Whirlpool (11AE N SW).
Finished!

          ::::    :::: ::::::   :::   ::::::. :::::   .::::.  ::  TM
           ::      ::  ``  ::  :: ::   ::  ::  :: ::  ::  :: ::::
           ::      ::     ::  ::   ::  ::  ::  ::  :: ::     ::::
           ::      ::    ::   :::::::  :::::'  ::  :: `::::.  ::
           ::   .  ::   ::    ::   ::  :: :::  ::  ::     ::  ::
           ::  .:  ::   :: .. ::   ::  ::  ::  :: ::  ::  ::  ..
          ::::::: :::: :::::: ::   :: :::  :: :::::   `::::'  ::

                        (c) Copyright, 1991,92,93.
                        LIZARDS! (TM), 1991,92,93.
                      Programmed by Stuart Nicholson.
                          Contact Circle Games,
                  P O Box 105320 Auckland, New Zealand.
                           Phone (09) 358 5378.

LIZARDS! POSTSCRIPT World Open. Ver 1.1b Last compiled Nov 15 1996.

Messaging players... 
Opening world... 
Updating spys... 

Finished!

          ::::    :::: ::::::   :::   ::::::. :::::   .::::.  ::  TM
           ::      ::  ``  ::  :: ::   ::  ::  :: ::  ::  :: ::::
           ::      ::     ::  ::   ::  ::  ::  ::  :: ::     ::::
           ::      ::    ::   :::::::  :::::'  ::  :: `::::.  ::
           ::   .  ::   ::    ::   ::  :: :::  ::  ::     ::  ::
           ::  .:  ::   :: .. ::   ::  ::  ::  :: ::  ::  ::  ..
          ::::::: :::: :::::: ::   :: :::  :: :::::   `::::'  ::

                        (c) Copyright, 1991,92,93.
                        LIZARDS! (TM), 1991,92,93.
                      Programmed by Stuart Nicholson.
                          Contact Circle Games,
                  P O Box 105320 Auckland, New Zealand.
                           Phone (09) 358 5378.

LIZARDS! World Master. Ver 1.1b Last compiled Nov 15 1996.

LIZARDS! SYSTEM PASS:
PASS 0:
PASS 1:
Move Whirlpool (11AE N SW).
Move Whirlpool (15O NE S).
Move Whirlpool (23S NE NE).
Erupt Volcano (25R).
PASS 2:
PASS 3 END.
Finished!

          ::::    :::: ::::::   :::   ::::::. :::::   .::::.  ::  TM
           ::      ::  ``  ::  :: ::   ::  ::  :: ::  ::  :: ::::
           ::      ::     ::  ::   ::  ::  ::  ::  :: ::     ::::
           ::      ::    ::   :::::::  :::::'  ::  :: `::::.  ::
           ::   .  ::   ::    ::   ::  :: :::  ::  ::     ::  ::
           ::  .:  ::   :: .. ::   ::  ::  ::  :: ::  ::  ::  ..
          ::::::: :::: :::::: ::   :: :::  :: :::::   `::::'  ::

                        (c) Copyright, 1991,92,93.
                        LIZARDS! (TM), 1991,92,93.
                      Programmed by Stuart Nicholson.
                          Contact Circle Games,
                  P O Box 105320 Auckland, New Zealand.
                           Phone (09) 358 5378.

LIZARDS! World Shut. Ver 1.1b Last compiled Nov 15 1996.

Shutting world... 
Updating spys... 
Counting HOME DENS... 

Finished!

          ::::    :::: ::::::   :::   ::::::. :::::   .::::.  ::  TM
           ::      ::  ``  ::  :: ::   ::  ::  :: ::  ::  :: ::::
           ::      ::     ::  ::   ::  ::  ::  ::  :: ::     ::::
           ::      ::    ::   :::::::  :::::'  ::  :: `::::.  ::
           ::   .  ::   ::    ::   ::  :: :::  ::  ::     ::  ::
           ::  .:  ::   :: .. ::   ::  ::  ::  :: ::  ::  ::  ..
          ::::::: :::: :::::: ::   :: :::  :: :::::   `::::'  ::

                        (c) Copyright, 1991,92,93.
                        LIZARDS! (TM), 1991,92,93.
                      Programmed by Stuart Nicholson.
                          Contact Circle Games,
                  P O Box 105320 Auckland, New Zealand.
                           Phone (09) 358 5378.

LIZARDS! Clan Status Reporter. Ver 1.1b Last compiled Nov 15 1996.

Messaging Players... 
Reporting Clans and Dens... 
Reporting Spys... 

Finished!

          ::::    :::: ::::::   :::   ::::::. :::::   .::::.  ::  TM
           ::      ::  ``  ::  :: ::   ::  ::  :: ::  ::  :: ::::
           ::      ::     ::  ::   ::  ::  ::  ::  :: ::     ::::
           ::      ::    ::   :::::::  :::::'  ::  :: `::::.  ::
           ::   .  ::   ::    ::   ::  :: :::  ::  ::     ::  ::
           ::  .:  ::   :: .. ::   ::  ::  ::  :: ::  ::  ::  ..
          ::::::: :::: :::::: ::   :: :::  :: :::::   `::::'  ::

                        (c) Copyright, 1991,92,93.
                        LIZARDS! (TM), 1991,92,93.
                      Programmed by Stuart Nicholson.
                          Contact Circle Games,
                  P O Box 105320 Auckland, New Zealand.
                           Phone (09) 358 5378.

LIZARDS! Clan Rank Program. Ver 1.1b Last compiled Nov 15 1996.

Messaging Players... 
Counting Heads... 
Counting Spys... 
Sorting Clans... 
Messaging Players... 
Checking VICTORY CONDITIONS... 

Finished!

          ::::    :::: ::::::   :::   ::::::. :::::   .::::.  ::  TM
           ::      ::  ``  ::  :: ::   ::  ::  :: ::  ::  :: ::::
           ::      ::     ::  ::   ::  ::  ::  ::  :: ::     ::::
           ::      ::    ::   :::::::  :::::'  ::  :: `::::.  ::
           ::   .  ::   ::    ::   ::  :: :::  ::  ::     ::  ::
           ::  .:  ::   :: .. ::   ::  ::  ::  :: ::  ::  ::  ..
          ::::::: :::: :::::: ::   :: :::  :: :::::   `::::'  ::

                        (c) Copyright, 1991,92,93.
                        LIZARDS! (TM), 1991,92,93.
                      Programmed by Stuart Nicholson.
                          Contact Circle Games,
                  P O Box 105320 Auckland, New Zealand.
                           Phone (09) 358 5378.

LIZARDS! Message Append Utility. Ver 1.1b Last compiled Nov 15 1996.

Appending Player 0's Messages...
Appending Player 1's Messages...
Appending Player 2's Messages...
Appending Player 0's Errors...
Appending Player 1's Errors...
Appending Player 2's Errors...

Finished!
